<?xml version="1.0" encoding="UTF-8"?>
<!-- Generated by org.testng.reporters.JUnitReportReporter -->
<testsuite hostname="Krishna" failures="0" tests="2" name="module1_login_test.SwagLabLoginTest1" time="20.953" errors="0" timestamp="2023-09-09T09:00:12 IST" skipped="0">
  <testcase classname="module1_login_test.SwagLabLoginTest1" name="verifyLogo" time="10.039"/>
  <testcase classname="module1_login_test.SwagLabLoginTest1" name="addToCartBtn" time="10.914"/>
</testsuite> <!-- module1_login_test.SwagLabLoginTest1 -->
